# JRE version: OpenJDK Runtime Environment (17.0.1+12) (build 17.0.1+12-39)
# Java VM: OpenJDK 64-Bit Server VM (17.0.1+12-39, mixed mode, emulated-client, sharing, tiered, compressed oops, compressed class ptrs, g1 gc, windows-amd64)
GC Precious Log:
 CPUs: 12 total, 12 available
 Memory: 8071M
 Large Page Support: Disabled
 NUMA Support: Disabled
 Compressed Oops: Enabled (32-bit)
 Heap Region Size: 1M
 Heap Min Capacity: 8M
 Heap Initial Capacity: 128M
 Heap Max Capacity: 2018M
 Pre-touch: Disabled
 Parallel Workers: 10
 Concurrent Workers: 3
 Concurrent Refinement Workers: 10
 Periodic GC: Disabled
Heap:
 garbage-first heap   total 78848K, used 25301K [0x0000000081e00000, 0x0000000100000000)
  region size 1024K, 2 young (2048K), 2 survivors (2048K)
 Metaspace       used 52668K, committed 53248K, reserved 1097728K
  class space    used 7331K, committed 7616K, reserved 1048576K
GC Heap History (20 events):
Event: 1.720 GC heap after
{Heap after GC invocations=2 (full 0):
 garbage-first heap   total 131072K, used 9586K [0x0000000081e00000, 0x0000000100000000)
  region size 1024K, 2 young (2048K), 2 survivors (2048K)
 Metaspace       used 11573K, committed 11840K, reserved 1064960K
  class space    used 1556K, committed 1664K, reserved 1048576K
}
Event: 2.120 GC heap before
{Heap before GC invocations=2 (full 0):
 garbage-first heap   total 131072K, used 84338K [0x0000000081e00000, 0x0000000100000000)
  region size 1024K, 76 young (77824K), 2 survivors (2048K)
 Metaspace       used 17510K, committed 17728K, reserved 1064960K
  class space    used 2375K, committed 2496K, reserved 1048576K
}
Event: 2.128 GC heap after
{Heap after GC invocations=3 (full 0):
 garbage-first heap   total 131072K, used 12234K [0x0000000081e00000, 0x0000000100000000)
  region size 1024K, 5 young (5120K), 5 survivors (5120K)
 Metaspace       used 17510K, committed 17728K, reserved 1064960K
  class space    used 2375K, committed 2496K, reserved 1048576K
}
Event: 2.149 GC heap before
{Heap before GC invocations=3 (full 0):
 garbage-first heap   total 131072K, used 83914K [0x0000000081e00000, 0x0000000100000000)
  region size 1024K, 76 young (77824K), 5 survivors (5120K)
 Metaspace       used 17669K, committed 17920K, reserved 1064960K
  class space    used 2391K, committed 2496K, reserved 1048576K
}
Event: 2.155 GC heap after
{Heap after GC invocations=4 (full 0):
 garbage-first heap   total 131072K, used 12802K [0x0000000081e00000, 0x0000000100000000)
  region size 1024K, 5 young (5120K), 5 survivors (5120K)
 Metaspace       used 17669K, committed 17920K, reserved 1064960K
  class space    used 2391K, committed 2496K, reserved 1048576K
}
Event: 2.824 GC heap before
{Heap before GC invocations=4 (full 0):
 garbage-first heap   total 131072K, used 48642K [0x0000000081e00000, 0x0000000100000000)
  region size 1024K, 42 young (43008K), 5 survivors (5120K)
 Metaspace       used 21185K, committed 21504K, reserved 1073152K
  class space    used 2905K, committed 3072K, reserved 1048576K
}
Event: 2.834 GC heap after
{Heap after GC invocations=5 (full 0):
 garbage-first heap   total 131072K, used 14970K [0x0000000081e00000, 0x0000000100000000)
  region size 1024K, 7 young (7168K), 7 survivors (7168K)
 Metaspace       used 21185K, committed 21504K, reserved 1073152K
  class space    used 2905K, committed 3072K, reserved 1048576K
}
Event: 3.269 GC heap before
{Heap before GC invocations=6 (full 0):
 garbage-first heap   total 55296K, used 40570K [0x0000000081e00000, 0x0000000100000000)
  region size 1024K, 32 young (32768K), 7 survivors (7168K)
 Metaspace       used 24329K, committed 24704K, reserved 1073152K
  class space    used 3394K, committed 3584K, reserved 1048576K
}
Event: 3.282 GC heap after
{Heap after GC invocations=7 (full 0):
 garbage-first heap   total 55296K, used 17189K [0x0000000081e00000, 0x0000000100000000)
  region size 1024K, 3 young (3072K), 3 survivors (3072K)
 Metaspace       used 24329K, committed 24704K, reserved 1073152K
  class space    used 3394K, committed 3584K, reserved 1048576K
}
Event: 3.307 GC heap before
{Heap before GC invocations=7 (full 0):
 garbage-first heap   total 55296K, used 19237K [0x0000000081e00000, 0x0000000100000000)
  region size 1024K, 5 young (5120K), 3 survivors (3072K)
 Metaspace       used 24577K, committed 25024K, reserved 1073152K
  class space    used 3432K, committed 3648K, reserved 1048576K
}
Event: 3.313 GC heap after
{Heap after GC invocations=8 (full 0):
 garbage-first heap   total 100352K, used 17467K [0x0000000081e00000, 0x0000000100000000)
  region size 1024K, 1 young (1024K), 1 survivors (1024K)
 Metaspace       used 24577K, committed 25024K, reserved 1073152K
  class space    used 3432K, committed 3648K, reserved 1048576K
}
Event: 4.187 GC heap before
{Heap before GC invocations=8 (full 0):
 garbage-first heap   total 100352K, used 73787K [0x0000000081e00000, 0x0000000100000000)
  region size 1024K, 56 young (57344K), 1 survivors (1024K)
 Metaspace       used 34622K, committed 35136K, reserved 1081344K
  class space    used 4852K, committed 5120K, reserved 1048576K
}
Event: 4.193 GC heap after
{Heap after GC invocations=9 (full 0):
 garbage-first heap   total 100352K, used 21246K [0x0000000081e00000, 0x0000000100000000)
  region size 1024K, 5 young (5120K), 5 survivors (5120K)
 Metaspace       used 34622K, committed 35136K, reserved 1081344K
  class space    used 4852K, committed 5120K, reserved 1048576K
}
Event: 4.258 GC heap before
{Heap before GC invocations=9 (full 0):
 garbage-first heap   total 100352K, used 24318K [0x0000000081e00000, 0x0000000100000000)
  region size 1024K, 9 young (9216K), 5 survivors (5120K)
 Metaspace       used 35548K, committed 35968K, reserved 1081344K
  class space    used 4961K, committed 5184K, reserved 1048576K
}
Event: 4.262 GC heap after
{Heap after GC invocations=10 (full 0):
 garbage-first heap   total 100352K, used 22187K [0x0000000081e00000, 0x0000000100000000)
  region size 1024K, 5 young (5120K), 5 survivors (5120K)
 Metaspace       used 35548K, committed 35968K, reserved 1081344K
  class space    used 4961K, committed 5184K, reserved 1048576K
}
Event: 5.040 GC heap before
{Heap before GC invocations=11 (full 0):
 garbage-first heap   total 78848K, used 63147K [0x0000000081e00000, 0x0000000100000000)
  region size 1024K, 46 young (47104K), 5 survivors (5120K)
 Metaspace       used 44795K, committed 45248K, reserved 1089536K
  class space    used 6167K, committed 6400K, reserved 1048576K
}
Event: 5.048 GC heap after
{Heap after GC invocations=12 (full 0):
 garbage-first heap   total 78848K, used 24775K [0x0000000081e00000, 0x0000000100000000)
  region size 1024K, 4 young (4096K), 4 survivors (4096K)
 Metaspace       used 44795K, committed 45248K, reserved 1089536K
  class space    used 6167K, committed 6400K, reserved 1048576K
}
Event: 5.071 GC heap before
{Heap before GC invocations=12 (full 0):
 garbage-first heap   total 78848K, used 25799K [0x0000000081e00000, 0x0000000100000000)
  region size 1024K, 5 young (5120K), 4 survivors (4096K)
 Metaspace       used 44832K, committed 45376K, reserved 1089536K
  class space    used 6174K, committed 6464K, reserved 1048576K
}
Event: 5.077 GC heap after
{Heap after GC invocations=13 (full 0):
 garbage-first heap   total 78848K, used 24443K [0x0000000081e00000, 0x0000000100000000)
  region size 1024K, 1 young (1024K), 1 survivors (1024K)
 Metaspace       used 44832K, committed 45376K, reserved 1089536K
  class space    used 6174K, committed 6464K, reserved 1048576K
}
Event: 5.834 GC heap before
{Heap before GC invocations=13 (full 0):
 garbage-first heap   total 78848K, used 59259K [0x0000000081e00000, 0x0000000100000000)
  region size 1024K, 36 young (36864K), 1 survivors (1024K)
 Metaspace       used 52668K, committed 53248K, reserved 1097728K
  class space    used 7331K, committed 7616K, reserved 1048576K
}

